In file included from [01m[K/mnt/c/wslShared/robotics/lidar/lidar-imu-slam/env_ws/src/limu/include/limu/sensors/lidar/helpers/deskew.hpp:3[m[K,
                 from [01m[K/mnt/c/wslShared/robotics/lidar/lidar-imu-slam/env_ws/src/limu/src/sensors/lidar/helpers/deskew.cpp:2[m[K:
[01m[K/mnt/c/wslShared/robotics/lidar/lidar-imu-slam/env_ws/src/limu/include/common.hpp:[m[K In function â€˜[01m[Ktypename std::iterator_traits<_Iterator>::value_type outlier::median(itr, itr)[m[Kâ€™:
[01m[K/mnt/c/wslShared/robotics/lidar/lidar-imu-slam/env_ws/src/limu/include/common.hpp:29:13:[m[K [01;31m[Kerror: [m[Kâ€˜[01m[Kinp[m[Kâ€™ was not declared in this scope; did you mean â€˜[01m[Kint[m[Kâ€™?
   29 |         if ([01;31m[Kinp[m[K.size() < 30)
      |             [01;31m[K^~~[m[K
      |             [32m[Kint[m[K
[01m[K/mnt/c/wslShared/robotics/lidar/lidar-imu-slam/env_ws/src/limu/include/common.hpp:35:18:[m[K [01;31m[Kerror: [m[Kâ€˜[01m[Kparallel_nth_element[m[Kâ€™ is not a member of â€˜[01m[Ktbb[m[Kâ€™
   35 |             tbb::[01;31m[Kparallel_nth_element[m[K(begin, mid, end);
      |                  [01;31m[K^~~~~~~~~~~~~~~~~~~~[m[K
In file included from [01m[K/mnt/c/wslShared/robotics/lidar/lidar-imu-slam/env_ws/src/limu/include/limu/sensors/lidar/helpers/threshold.hpp:4[m[K,
                 from [01m[K/mnt/c/wslShared/robotics/lidar/lidar-imu-slam/env_ws/src/limu/src/sensors/lidar/helpers/threshold.cpp:1[m[K:
[01m[K/mnt/c/wslShared/robotics/lidar/lidar-imu-slam/env_ws/src/limu/include/common.hpp:[m[K In function â€˜[01m[Ktypename std::iterator_traits<_Iterator>::value_type outlier::median(itr, itr)[m[Kâ€™:
[01m[K/mnt/c/wslShared/robotics/lidar/lidar-imu-slam/env_ws/src/limu/include/common.hpp:29:13:[m[K [01;31m[Kerror: [m[Kâ€˜[01m[Kinp[m[Kâ€™ was not declared in this scope; did you mean â€˜[01m[Kint[m[Kâ€™?
   29 |         if ([01;31m[Kinp[m[K.size() < 30)
      |             [01;31m[K^~~[m[K
      |             [32m[Kint[m[K
[01m[K/mnt/c/wslShared/robotics/lidar/lidar-imu-slam/env_ws/src/limu/include/common.hpp:35:18:[m[K [01;31m[Kerror: [m[Kâ€˜[01m[Kparallel_nth_element[m[Kâ€™ is not a member of â€˜[01m[Ktbb[m[Kâ€™
   35 |             tbb::[01;31m[Kparallel_nth_element[m[K(begin, mid, end);
      |                  [01;31m[K^~~~~~~~~~~~~~~~~~~~[m[K
make[2]: *** [CMakeFiles/limu.dir/build.make:128: CMakeFiles/limu.dir/src/sensors/lidar/helpers/threshold.cpp.o] Error 1
make[2]: *** Waiting for unfinished jobs....
make[2]: *** [CMakeFiles/limu.dir/build.make:102: CMakeFiles/limu.dir/src/sensors/lidar/helpers/deskew.cpp.o] Error 1
In file included from [01m[K/mnt/c/wslShared/robotics/lidar/lidar-imu-slam/env_ws/src/limu/include/limu/sensors/lidar/helpers/registration.hpp:4[m[K,
                 from [01m[K/mnt/c/wslShared/robotics/lidar/lidar-imu-slam/env_ws/src/limu/src/sensors/lidar/helpers/registration.cpp:1[m[K:
[01m[K/mnt/c/wslShared/robotics/lidar/lidar-imu-slam/env_ws/src/limu/include/common.hpp:[m[K In function â€˜[01m[Ktypename std::iterator_traits<_Iterator>::value_type outlier::median(itr, itr)[m[Kâ€™:
[01m[K/mnt/c/wslShared/robotics/lidar/lidar-imu-slam/env_ws/src/limu/include/common.hpp:29:13:[m[K [01;31m[Kerror: [m[Kâ€˜[01m[Kinp[m[Kâ€™ was not declared in this scope; did you mean â€˜[01m[Kint[m[Kâ€™?
   29 |         if ([01;31m[Kinp[m[K.size() < 30)
      |             [01;31m[K^~~[m[K
      |             [32m[Kint[m[K
[01m[K/mnt/c/wslShared/robotics/lidar/lidar-imu-slam/env_ws/src/limu/include/common.hpp:35:18:[m[K [01;31m[Kerror: [m[Kâ€˜[01m[Kparallel_nth_element[m[Kâ€™ is not a member of â€˜[01m[Ktbb[m[Kâ€™
   35 |             tbb::[01;31m[Kparallel_nth_element[m[K(begin, mid, end);
      |                  [01;31m[K^~~~~~~~~~~~~~~~~~~~[m[K
In file included from [01m[K/mnt/c/wslShared/robotics/lidar/lidar-imu-slam/env_ws/src/limu/include/limu/sensors/lidar/helpers/voxel_block.hpp:5[m[K,
                 from [01m[K/mnt/c/wslShared/robotics/lidar/lidar-imu-slam/env_ws/src/limu/src/sensors/lidar/helpers/voxel_block.cpp:1[m[K:
[01m[K/mnt/c/wslShared/robotics/lidar/lidar-imu-slam/env_ws/src/limu/include/common.hpp:[m[K In function â€˜[01m[Ktypename std::iterator_traits<_Iterator>::value_type outlier::median(itr, itr)[m[Kâ€™:
[01m[K/mnt/c/wslShared/robotics/lidar/lidar-imu-slam/env_ws/src/limu/include/common.hpp:29:13:[m[K [01;31m[Kerror: [m[Kâ€˜[01m[Kinp[m[Kâ€™ was not declared in this scope; did you mean â€˜[01m[Kint[m[Kâ€™?
   29 |         if ([01;31m[Kinp[m[K.size() < 30)
      |             [01;31m[K^~~[m[K
      |             [32m[Kint[m[K
[01m[K/mnt/c/wslShared/robotics/lidar/lidar-imu-slam/env_ws/src/limu/include/common.hpp:35:18:[m[K [01;31m[Kerror: [m[Kâ€˜[01m[Kparallel_nth_element[m[Kâ€™ is not a member of â€˜[01m[Ktbb[m[Kâ€™
   35 |             tbb::[01;31m[Kparallel_nth_element[m[K(begin, mid, end);
      |                  [01;31m[K^~~~~~~~~~~~~~~~~~~~[m[K
In file included from [01m[K/mnt/c/wslShared/robotics/lidar/lidar-imu-slam/env_ws/src/limu/include/limu/sensors/lidar/helpers/voxel_block.hpp:5[m[K,
                 from [01m[K/mnt/c/wslShared/robotics/lidar/lidar-imu-slam/env_ws/src/limu/include/limu/sensors/lidar/helpers/voxel_hash_map.hpp:6[m[K,
                 from [01m[K/mnt/c/wslShared/robotics/lidar/lidar-imu-slam/env_ws/src/limu/src/sensors/lidar/helpers/voxel_hash_map.cpp:1[m[K:
[01m[K/mnt/c/wslShared/robotics/lidar/lidar-imu-slam/env_ws/src/limu/include/common.hpp:[m[K In function â€˜[01m[Ktypename std::iterator_traits<_Iterator>::value_type outlier::median(itr, itr)[m[Kâ€™:
[01m[K/mnt/c/wslShared/robotics/lidar/lidar-imu-slam/env_ws/src/limu/include/common.hpp:29:13:[m[K [01;31m[Kerror: [m[Kâ€˜[01m[Kinp[m[Kâ€™ was not declared in this scope; did you mean â€˜[01m[Kint[m[Kâ€™?
   29 |         if ([01;31m[Kinp[m[K.size() < 30)
      |             [01;31m[K^~~[m[K
      |             [32m[Kint[m[K
[01m[K/mnt/c/wslShared/robotics/lidar/lidar-imu-slam/env_ws/src/limu/include/common.hpp:35:18:[m[K [01;31m[Kerror: [m[Kâ€˜[01m[Kparallel_nth_element[m[Kâ€™ is not a member of â€˜[01m[Ktbb[m[Kâ€™
   35 |             tbb::[01;31m[Kparallel_nth_element[m[K(begin, mid, end);
      |                  [01;31m[K^~~~~~~~~~~~~~~~~~~~[m[K
In file included from [01m[K/mnt/c/wslShared/robotics/lidar/lidar-imu-slam/env_ws/src/limu/include/limu/sensors/imu/frame.hpp:5[m[K,
                 from [01m[K/mnt/c/wslShared/robotics/lidar/lidar-imu-slam/env_ws/src/limu/src/sensors/imu/frame.cpp:1[m[K:
[01m[K/mnt/c/wslShared/robotics/lidar/lidar-imu-slam/env_ws/src/limu/include/common.hpp:[m[K In function â€˜[01m[Ktypename std::iterator_traits<_Iterator>::value_type outlier::median(itr, itr)[m[Kâ€™:
[01m[K/mnt/c/wslShared/robotics/lidar/lidar-imu-slam/env_ws/src/limu/include/common.hpp:29:13:[m[K [01;31m[Kerror: [m[Kâ€˜[01m[Kinp[m[Kâ€™ was not declared in this scope; did you mean â€˜[01m[Kint[m[Kâ€™?
   29 |         if ([01;31m[Kinp[m[K.size() < 30)
      |             [01;31m[K^~~[m[K
      |             [32m[Kint[m[K
[01m[K/mnt/c/wslShared/robotics/lidar/lidar-imu-slam/env_ws/src/limu/include/common.hpp:35:18:[m[K [01;31m[Kerror: [m[Kâ€˜[01m[Kparallel_nth_element[m[Kâ€™ is not a member of â€˜[01m[Ktbb[m[Kâ€™
   35 |             tbb::[01;31m[Kparallel_nth_element[m[K(begin, mid, end);
      |                  [01;31m[K^~~~~~~~~~~~~~~~~~~~[m[K
make[2]: *** [CMakeFiles/limu.dir/build.make:141: CMakeFiles/limu.dir/src/sensors/lidar/helpers/voxel_block.cpp.o] Error 1
make[2]: *** [CMakeFiles/limu.dir/build.make:154: CMakeFiles/limu.dir/src/sensors/lidar/helpers/voxel_hash_map.cpp.o] Error 1
make[2]: *** [CMakeFiles/limu.dir/build.make:76: CMakeFiles/limu.dir/src/sensors/imu/frame.cpp.o] Error 1
In file included from [01m[K/mnt/c/wslShared/robotics/lidar/lidar-imu-slam/env_ws/src/limu/include/limu/sensors/lidar/helpers/registration.hpp:4[m[K,
                 from [01m[K/mnt/c/wslShared/robotics/lidar/lidar-imu-slam/env_ws/src/limu/include/limu/sensors/lidar/icp.hpp:20[m[K,
                 from [01m[K/mnt/c/wslShared/robotics/lidar/lidar-imu-slam/env_ws/src/limu/src/sensors/lidar/icp.cpp:1[m[K:
[01m[K/mnt/c/wslShared/robotics/lidar/lidar-imu-slam/env_ws/src/limu/include/common.hpp:[m[K In function â€˜[01m[Ktypename std::iterator_traits<_Iterator>::value_type outlier::median(itr, itr)[m[Kâ€™:
[01m[K/mnt/c/wslShared/robotics/lidar/lidar-imu-slam/env_ws/src/limu/include/common.hpp:29:13:[m[K [01;31m[Kerror: [m[Kâ€˜[01m[Kinp[m[Kâ€™ was not declared in this scope; did you mean â€˜[01m[Kint[m[Kâ€™?
   29 |         if ([01;31m[Kinp[m[K.size() < 30)
      |             [01;31m[K^~~[m[K
      |             [32m[Kint[m[K
[01m[K/mnt/c/wslShared/robotics/lidar/lidar-imu-slam/env_ws/src/limu/include/common.hpp:35:18:[m[K [01;31m[Kerror: [m[Kâ€˜[01m[Kparallel_nth_element[m[Kâ€™ is not a member of â€˜[01m[Ktbb[m[Kâ€™
   35 |             tbb::[01;31m[Kparallel_nth_element[m[K(begin, mid, end);
      |                  [01;31m[K^~~~~~~~~~~~~~~~~~~~[m[K
make[2]: *** [CMakeFiles/limu.dir/build.make:115: CMakeFiles/limu.dir/src/sensors/lidar/helpers/registration.cpp.o] Error 1
In file included from [01m[K/mnt/c/wslShared/robotics/lidar/lidar-imu-slam/env_ws/src/limu/include/limu/sensors/lidar/frame.hpp:9[m[K,
                 from [01m[K/mnt/c/wslShared/robotics/lidar/lidar-imu-slam/env_ws/src/limu/src/sensors/lidar/frame.cpp:1[m[K:
[01m[K/mnt/c/wslShared/robotics/lidar/lidar-imu-slam/env_ws/src/limu/include/common.hpp:[m[K In function â€˜[01m[Ktypename std::iterator_traits<_Iterator>::value_type outlier::median(itr, itr)[m[Kâ€™:
[01m[K/mnt/c/wslShared/robotics/lidar/lidar-imu-slam/env_ws/src/limu/include/common.hpp:29:13:[m[K [01;31m[Kerror: [m[Kâ€˜[01m[Kinp[m[Kâ€™ was not declared in this scope; did you mean â€˜[01m[Kint[m[Kâ€™?
   29 |         if ([01;31m[Kinp[m[K.size() < 30)
      |             [01;31m[K^~~[m[K
      |             [32m[Kint[m[K
[01m[K/mnt/c/wslShared/robotics/lidar/lidar-imu-slam/env_ws/src/limu/include/common.hpp:35:18:[m[K [01;31m[Kerror: [m[Kâ€˜[01m[Kparallel_nth_element[m[Kâ€™ is not a member of â€˜[01m[Ktbb[m[Kâ€™
   35 |             tbb::[01;31m[Kparallel_nth_element[m[K(begin, mid, end);
      |                  [01;31m[K^~~~~~~~~~~~~~~~~~~~[m[K
In file included from [01m[K/mnt/c/wslShared/robotics/lidar/lidar-imu-slam/env_ws/src/limu/include/limu/sensors/lidar/frame.hpp:9[m[K,
                 from [01m[K/mnt/c/wslShared/robotics/lidar/lidar-imu-slam/env_ws/src/limu/src/odom_run.hpp:8[m[K,
                 from [01m[K/mnt/c/wslShared/robotics/lidar/lidar-imu-slam/env_ws/src/limu/src/odom_run.cpp:1[m[K:
[01m[K/mnt/c/wslShared/robotics/lidar/lidar-imu-slam/env_ws/src/limu/include/common.hpp:[m[K In function â€˜[01m[Ktypename std::iterator_traits<_Iterator>::value_type outlier::median(itr, itr)[m[Kâ€™:
[01m[K/mnt/c/wslShared/robotics/lidar/lidar-imu-slam/env_ws/src/limu/include/common.hpp:29:13:[m[K [01;31m[Kerror: [m[Kâ€˜[01m[Kinp[m[Kâ€™ was not declared in this scope; did you mean â€˜[01m[Kint[m[Kâ€™?
   29 |         if ([01;31m[Kinp[m[K.size() < 30)
      |             [01;31m[K^~~[m[K
      |             [32m[Kint[m[K
[01m[K/mnt/c/wslShared/robotics/lidar/lidar-imu-slam/env_ws/src/limu/include/common.hpp:35:18:[m[K [01;31m[Kerror: [m[Kâ€˜[01m[Kparallel_nth_element[m[Kâ€™ is not a member of â€˜[01m[Ktbb[m[Kâ€™
   35 |             tbb::[01;31m[Kparallel_nth_element[m[K(begin, mid, end);
      |                  [01;31m[K^~~~~~~~~~~~~~~~~~~~[m[K
make[2]: *** [CMakeFiles/limu.dir/build.make:89: CMakeFiles/limu.dir/src/sensors/lidar/frame.cpp.o] Error 1
make[2]: *** [CMakeFiles/limu.dir/build.make:63: CMakeFiles/limu.dir/src/odom_run.cpp.o] Error 1
make[2]: *** [CMakeFiles/limu.dir/build.make:167: CMakeFiles/limu.dir/src/sensors/lidar/icp.cpp.o] Error 1
make[1]: *** [CMakeFiles/Makefile2:225: CMakeFiles/limu.dir/all] Error 2
make: *** [Makefile:141: all] Error 2
